IQ-TREE multicore version 2.3.5 for Linux x86 64-bit built Jul 22 2024
Developed by Bui Quang Minh, Nguyen Lam Tung, Olga Chernomor, Heiko Schmidt,
Dominik Schrempf, Michael Woodhams, Ly Trong Nhan, Thomas Wong

Host:    hl-codon-21-02.ebi.ac.uk (AVX512, FMA3, 376 GB RAM)
Command: iqtree2 -ntmax 1 -s results/aligned-delim.fasta -m GTR -ninit 2 -n 2 -me 0.05 -nt AUTO -redo
Seed:    673730 (Using SPRNG - Scalable Parallel Random Number Generator)
Time:    Thu Aug  1 02:19:07 2024
Kernel:  AVX+FMA - auto-detect threads (10 CPU cores detected)

Reading alignment file results/aligned-delim.fasta ... Fasta format detected
Reading fasta file: done in 0.216256 secs using 84.77% CPU
Alignment most likely contains DNA/RNA sequences
Alignment has 1541 sequences with 10962 columns, 7145 distinct patterns
4260 parsimony-informative, 1061 singleton sites, 5641 constant sites
          Gap/Ambiguity  Composition  p-value
Analyzing sequences: done in 0.0701738 secs using 99.55% CPU
   1  JN393308    0.11%    passed     41.33%
   2  KY523178    0.00%    passed     59.51%
   3  LC318700    0.00%    passed     61.33%
   4  OP345226    5.79%    passed     64.07%
   5  JN858070    4.83%    passed     66.28%
   6  KM203860    0.29%    passed     64.43%
   7  KM203863    0.30%    passed     66.72%
   8  MW036633   10.49%    passed     53.86%
   9  MW036634    0.66%    passed     62.17%
  10  MZ268007    2.13%    passed     65.48%
  11  OP762592    1.00%    passed     69.69%
  12  OP762593    1.00%    passed     69.75%
  13  OP762594    1.00%    passed     67.67%
  14  OP762595    1.00%    passed     68.54%
  15  ON755223    1.09%    passed     62.42%
  16  OP762597    0.97%    passed     65.68%
  17  OP762596   18.09%    passed     51.01%
  18  KM203861    0.35%    passed     52.95%
  19  KM203862    0.29%    passed     61.23%
  20  MH924836    0.00%    passed     66.43%
  21  MZ964752    6.10%    passed     69.20%
  22  OQ326499    6.10%    passed     67.85%
  23  MZ964753    6.10%    passed     70.44%
  24  MW142223    0.41%    passed     67.43%
  25  MW142227    0.41%    passed     65.55%
  26  MW142224    0.41%    passed     67.75%
  27  MW142226    0.41%    passed     65.00%
  28  OP810566    6.10%    passed     66.46%
  29  OP810567    6.10%    passed     65.87%
  30  OQ725907    0.51%    passed     58.45%
  31  OQ725908    0.43%    passed     60.34%
  32  OQ725909    0.63%    passed     58.63%
  33  MW142225   10.79%    passed     61.81%
  34  OQ725906    0.43%    passed     65.04%
  35  MZ964751    6.11%    passed     65.71%
  36  KP780837    0.79%    passed     65.38%
  37  KP780838    0.79%    passed     69.43%
  38  KP780839    0.83%    passed     71.87%
  39  MW751842    0.99%    passed     65.79%
  40  MW751846    0.99%    passed     69.44%
  41  MW751837    0.99%    passed     76.54%
  42  KF588365    0.47%    passed     63.74%
  43  KF647252    1.95%    passed     70.17%
  44  KF647249    0.58%    passed     69.29%
  45  KF647251    0.51%    passed     66.35%
  46  KF647248    9.68%    passed     53.18%
  47  KF647250    1.60%    passed     70.83%
  48  KF823805    8.31%    passed     53.80%
  49  KF823806    0.68%    passed     57.92%
  50  KT207792    0.50%    passed     57.59%
  51  MT863561    0.51%    passed     57.67%
  52  MT863560    0.48%    passed     63.82%
  53  MH910045    5.91%    passed     61.01%
  54  OP850026    1.27%    passed     62.21%
  55  OP734244    1.27%    passed     63.09%
  56  OM037670    0.71%    passed     59.37%
  57  OM037672    0.69%    passed     59.92%
  58  OM037673    0.70%    passed     62.49%
  59  OM037671    0.85%    passed     54.95%
  60  PP104351    0.93%    passed     61.30%
  61  PP104375    0.95%    passed     63.00%
  62  ON032488    0.75%    passed     61.06%
  63  ON032489    0.60%    passed     60.44%
  64  ON032490    0.64%    passed     59.17%
  65  ON032492    0.58%    passed     60.86%
  66  ON032491    0.57%    passed     60.90%
  67  ON032493    0.68%    passed     53.30%
  68  ON032497    0.77%    passed     53.47%
  69  ON032495    0.60%    passed     53.06%
  70  OP734239    1.27%    passed     58.83%
  71  PP104341    0.92%    passed     64.14%
  72  PP104329    0.68%    passed     63.05%
  73  PP104336    1.97%    passed     63.61%
  74  PP104337    2.38%    passed     56.98%
  75  PP104343    1.76%    passed     77.80%
  76  PP104361    0.95%    passed     61.32%
  77  OP734240    1.25%    passed     55.54%
  78  OP734241    1.26%    passed     54.80%
  79  OP850025    1.26%    passed     55.68%
  80  PP104342    2.82%    passed     49.52%
  81  PP104345    0.90%    passed     60.16%
  82  PP104358    0.67%    passed     60.76%
  83  PP104334    0.88%    passed     60.95%
  84  PP104353    2.28%    passed     48.84%
  85  PP104370    0.89%    passed     59.40%
  86  PP104346    1.98%    passed     65.60%
  87  PP104330    1.93%    passed     62.63%
  88  PP104333    0.29%    passed     60.54%
  89  PP104367    1.07%    passed     64.49%
  90  PP104331    3.68%    passed     66.65%
  91  PP104349    0.67%    passed     57.15%
  92  PP104332    0.79%    passed     60.51%
  93  PP104362    1.06%    passed     56.70%
  94  PP104348    3.40%    passed     47.54%
  95  PP104366    0.88%    passed     54.50%
  96  PP104355    0.90%    passed     60.28%
  97  PP104335    0.73%    passed     60.50%
  98  PP104328    2.55%    passed     52.23%
  99  PP104372    0.97%    passed     63.26%
 100  OP850027    3.12%    passed     51.63%
 101  PP104364    0.31%    passed     62.55%
 102  OP179288    0.26%    passed     64.05%
 103  OP734238    1.13%    passed     68.52%
 104  OP734242    1.26%    passed     65.36%
 105  OP734243    1.25%    passed     62.15%
 106  PP104338    0.88%    passed     69.57%
 107  PP104357    0.88%    passed     70.28%
 108  PP104368    0.88%    passed     68.94%
 109  PP104374    0.88%    passed     69.45%
 110  PP104371    0.88%    passed     70.28%
 111  PP104359    0.88%    passed     69.45%
 112  PP104340    1.97%    passed     56.52%
 113  PP104360    0.89%    passed     66.82%
 114  PP104352    0.88%    passed     68.09%
 115  PP104363    1.38%    passed     68.88%
 116  PP104376    0.88%    passed     70.06%
 117  PP104377    0.88%    passed     69.61%
 118  PP104356    0.88%    passed     70.28%
 119  PP104339    1.26%    passed     69.15%
 120  PP104369    1.28%    passed     64.30%
 121  PP104365    1.44%    passed     69.01%
 122  PP104350    0.98%    passed     65.31%
 123  PP104373    0.99%    passed     65.59%
 124  OP850024    1.26%    passed     65.22%
 125  OP850028    1.98%    passed     62.06%
 126  OP850029    2.05%    passed     63.03%
 127  PP104347    0.99%    passed     72.25%
 128  PP104354    1.97%    passed     68.44%
 129  OQ204314    3.21%    passed     58.20%
 130  KF179639    0.46%    passed     68.07%
 131  MH549209    0.95%    passed     70.85%
 132  MK473443    0.95%    passed     69.89%
 133  MN481592    1.13%    passed     65.77%
 134  MN481593    1.13%    passed     65.96%
 135  MN481594    1.13%    passed     69.37%
 136  MN481597    1.13%    passed     65.87%
 137  MN481595    1.13%    passed     68.66%
 138  MN481596    1.13%    passed     66.34%
 139  KU206781    0.64%    passed     70.06%
 140  MN481591    1.13%    passed     76.07%
 141  MZ190465    5.02%    passed     64.04%
 142  MH021189    0.00%    passed     74.49%
 143  MK947397    0.30%    passed     68.59%
 144  MW561633    0.78%    passed     69.92%
 145  MW751834    1.16%    passed     72.40%
 146  MW751843    1.16%    passed     72.40%
 147  MW751835    1.16%    passed     73.09%
 148  MW751844    1.16%    passed     71.56%
 149  MW751841    1.16%    passed     72.24%
 150  MN480794    1.13%    passed     73.25%
 151  OP179287    0.37%    passed     69.09%
 152  PP388974    2.14%    passed     76.00%
 153  MN480792    1.13%    passed     77.03%
 154  MN480793    1.13%    passed     77.02%
 155  MN481589    1.13%    passed     75.59%
 156  MN652878    1.13%    passed     75.32%
 157  MN652879    1.13%    passed     77.02%
 158  MN480795    1.14%    passed     76.91%
 159  MN652880    1.13%    passed     75.67%
 160  MN481590    1.13%    passed     77.80%
 161  MT341470    2.40%    passed     70.62%
 162  MT341471    2.40%    passed     72.01%
 163  OL840872    0.66%    passed     71.92%
 164  OL840873    1.09%    passed     74.70%
 165  OL840878    0.65%    passed     72.84%
 166  OL840874    2.72%    passed     71.42%
 167  OL840885    0.48%    passed     73.41%
 168  OL840882    0.65%    passed     74.15%
 169  OL840880    0.66%    passed     69.48%
 170  OL840884    3.17%    passed     69.49%
 171  MT341472    2.40%    passed     71.43%
 172  OL840871    0.65%    passed     68.50%
 173  OL840881    0.66%    passed     64.77%
 174  OL840886    0.48%    passed     66.95%
 175  OL840887    0.48%    passed     68.37%
 176  OL840893    0.48%    passed     69.11%
 177  OL840889    0.48%    passed     69.45%
 178  OL840888    0.48%    passed     67.60%
 179  OL840883    0.48%    passed     69.82%
 180  OL840894    0.48%    passed     68.41%
 181  OL840895    0.48%    passed     68.41%
 182  OL840897    0.48%    passed     68.29%
 183  OL840898    0.48%    passed     68.29%
 184  OL840899    0.48%    passed     69.10%
 185  OL840892    3.17%    passed     67.42%
 186  OL840891    3.22%    passed     71.04%
 187  OL840896    0.48%    passed     71.85%
 188  OL840890    2.04%    passed     67.50%
 189  OQ053515    0.53%    passed     66.34%
 190  OQ053536    0.66%    passed     63.91%
 191  OQ053516    0.56%    passed     65.64%
 192  OQ053517    0.56%    passed     65.64%
 193  OQ053519    0.52%    passed     65.46%
 194  OQ053523    0.66%    passed     67.06%
 195  OQ053527    0.66%    passed     65.54%
 196  OQ053529    0.66%    passed     67.02%
 197  OQ053520    0.51%    passed     64.60%
 198  OQ053524    0.56%    passed     67.99%
 199  OQ053525    0.56%    passed     67.99%
 200  OQ053526    0.53%    passed     65.62%
 201  OQ053528    0.66%    passed     67.08%
 202  OQ053518    0.53%    passed     67.87%
 203  OQ053539    0.53%    passed     72.38%
 204  OQ053538    0.57%    passed     68.78%
 205  OQ053537    0.47%    passed     66.90%
 206  OQ053532    0.53%    passed     66.36%
 207  OQ053533    0.63%    passed     69.08%
 208  OQ053521    0.49%    passed     65.29%
 209  OQ053522    0.63%    passed     66.94%
 210  OQ053531    0.61%    passed     68.38%
 211  OQ053530    0.62%    passed     67.67%
 212  OQ053535    0.52%    passed     67.87%
 213  OQ053534    0.57%    passed     63.67%
 214  OL840875    2.72%    passed     68.81%
 215  OL840876    0.66%    passed     65.45%
 216  OL840879    0.66%    passed     67.90%
 217  MZ190464    3.30%    passed     71.45%
 218  MZ190466    1.63%    passed     72.41%
 219  MZ190467    2.63%    passed     61.37%
 220  OL840877    0.92%    passed     73.22%
 221  OP804520    0.48%    passed     75.10%
 222  MW751836    0.99%    passed     79.52%
 223  MW751839    0.99%    passed     79.84%
 224  MW751840    0.99%    passed     81.47%
 225  MW751845    0.99%    passed     79.66%
 226  MW751838    0.99%    passed     74.51%
 227  ON032494    0.47%    passed     59.85%
 228  PP104344    3.76%    passed     66.98%
 229  OQ204315    7.46%    passed     86.14%
 230  KP780840    0.79%    passed     68.63%
 231  ON032498    8.89%    passed     84.98%
 232  KJ934710    0.34%    passed     54.42%
 233  KT207791    0.62%    passed     52.38%
 234  DQ786572    0.93%    passed     98.53%
 235  DQ786573    0.93%    passed     98.53%
 236  JF719069    0.46%    passed     93.71%
 237  JF719065    0.66%    passed     92.52%
 238  JF719067    1.04%    passed     93.63%
 239  JF719066    0.79%    passed     88.89%
 240  JF719068    1.04%    passed     93.57%
 241  OR472391    0.71%    passed     99.35%
 242  MT863559    1.07%    passed     80.56%
 243  OP009521    1.92%    passed     92.17%
 244  OP009524    1.92%    passed     93.10%
 245  OP609790    1.92%    passed     93.88%
 246  OP609803    1.92%    passed     93.88%
 247  OP609813    1.92%    passed     95.28%
 248  OP609815    1.93%    passed     94.97%
 249  OP009522    1.84%    passed     91.45%
 250  OP009525    2.60%    passed     95.22%
 251  OP609799    2.04%    passed     93.14%
 252  OP609800    1.92%    passed     92.63%
 253  OP609810    1.95%    passed     94.07%
 254  OP609807    1.92%    passed     95.54%
 255  OP609809    1.92%    passed     92.63%
 256  OP609804    1.94%    passed     94.77%
 257  OP609806    1.92%    passed     95.54%
 258  OP609808    1.92%    passed     94.20%
 259  OP609814    1.92%    passed     94.10%
 260  OP609805    1.94%    passed     93.58%
 261  OP609802    1.94%    passed     93.94%
 262  OP009523    1.92%    passed     92.63%
 263  OP609801    1.95%    passed     91.40%
 264  OP609811    1.93%    passed     90.92%
 265  OP609812    2.03%    passed     93.68%
 266  OP734262    0.66%    passed     90.85%
 267  OP734263    2.39%    passed     97.57%
 268  OP734268    7.05%    passed     97.50%
 269  OP734264    0.21%    passed     90.06%
 270  PP104381    0.98%    passed     92.84%
 271  OP850022    0.67%    passed     95.10%
 272  OP734265    0.71%    passed     93.16%
 273  PP104380    0.70%    passed     93.53%
 274  PP104379    0.71%    passed     89.98%
 275  OP850021    0.69%    passed     91.96%
 276  OP734267    5.74%    passed     96.04%
 277  OP734269    0.72%    passed     91.99%
 278  OP734272    3.46%    passed     92.89%
 279  PP104382    0.72%    passed     95.42%
 280  OP734270    3.96%    passed     92.79%
 281  OP734271    0.72%    passed     97.71%
 282  OP734274    6.48%    passed     79.75%
 283  OP734273   12.22%    passed     85.52%
 284  PP104378    3.27%    passed     93.75%
 285  OP734266    9.42%    passed     94.31%
 286  FJ766331    0.72%    passed     96.76%
 287  FJ766332    0.71%    passed     96.43%
 288  JQ928174    2.96%    passed     99.72%
 289  KF823807    5.87%    passed     99.58%
 290  KF647253    5.05%    passed     92.50%
 291  JX556213    2.75%    passed     99.08%
 292  KC954092    2.34%    passed     99.43%
 293  MN149538    0.44%    passed     99.42%
 294  JN858069    1.31%    passed     87.13%
 295  JQ928175    5.04%    passed     99.18%
 296  OP850023    7.85%    passed     92.24%
 297  MF797870    0.52%    passed     97.94%
 298  KC243146    2.22%    passed     93.67%
 299  MW915462    1.09%    passed     97.45%
 300  GQ379156    0.10%    passed     93.68%
 301  KX547252    2.28%    passed     98.91%
 302  KX547301    2.28%    passed     99.33%
 303  KX547414    2.28%    passed     98.99%
 304  KX547428    2.28%    passed     98.85%
 305  KX547322    2.28%    passed     98.95%
 306  KX547253    2.28%    passed     99.54%
 307  JN051152    0.38%    passed     99.14%
 308  JN051153    0.37%    passed     98.72%
 309  KU978769    0.17%    passed     98.41%
 310  JN716371    2.58%    passed     98.60%
 311  JN716372    2.58%    passed     98.18%
 312  KU978766    0.41%    passed     93.86%
 313  KX547179    2.28%    passed     99.04%
 314  KX547538    2.28%    passed     99.04%
 315  KX547261    2.28%    passed     98.58%
 316  KX547484    2.28%    passed     98.49%
 317  KX547194    2.28%    passed     98.36%
 318  KX547554    2.28%    passed     98.54%
 319  KX547251    2.28%    passed     99.13%
 320  KX547490    2.28%    passed     99.65%
 321  KX547509    2.28%    passed     99.49%
 322  KX547210    2.28%    passed     97.93%
 323  KX547519    2.28%    passed     98.68%
 324  KX547395    2.28%    passed     99.49%
 325  KX547353    2.28%    passed     99.53%
 326  KX547266    2.28%    passed     98.58%
 327  MN849176    2.30%    passed     99.49%
 328  KX547203    2.28%    passed     99.32%
 329  KX547272    2.28%    passed     99.65%
 330  MW420987    0.72%    passed     97.87%
 331  MW420988    2.15%    passed     99.06%
 332  MW420989    2.21%    passed     99.23%
 333  ON782107   39.84%    passed     64.92%
 334  PP862727    1.07%    passed     97.57%
 335  KX547584    2.28%    passed     98.36%
 336  KX547320    2.28%    passed     99.37%
 337  KX547564    2.28%    passed     99.72%
 338  KX547378    2.28%    passed     99.28%
 339  KX547393    2.28%    passed     99.38%
 340  KX547165    2.28%    passed     99.57%
 341  KX547166    2.28%    passed     99.43%
 342  KX547620    2.28%    passed     99.19%
 343  KX547586    2.28%    passed     99.65%
 344  KX547182    2.28%    passed     98.87%
 345  KX547213    2.28%    passed     99.62%
 346  KX547247    2.28%    passed     99.60%
 347  KX547421    2.28%    passed     99.56%
 348  KX547534    9.28%    passed     96.89%
 349  KX547448    2.28%    passed     99.36%
 350  KX547506    2.28%    passed     99.44%
 351  KX547550    2.28%    passed     99.66%
 352  KX547189    2.28%    passed     98.93%
 353  KX547230    2.28%    passed     99.07%
 354  KX547566    2.28%    passed     99.62%
 355  KX547364    2.28%    passed     99.19%
 356  KX547503    2.28%    passed     99.38%
 357  KX547459    2.28%    passed     99.56%
 358  KX547281    2.28%    passed     98.64%
 359  KX547398    2.28%    passed     99.08%
 360  KX547228    2.28%    passed     97.49%
 361  KX547316    2.28%    passed     98.86%
 362  KX547602    2.28%    passed     99.04%
 363  KX547466   23.60%    passed     70.92%
 364  KX547478    2.28%    passed     98.97%
 365  KX547492    2.28%    passed     98.27%
 366  KX547386    2.28%    passed     98.54%
 367  KX547619    2.28%    passed     99.51%
 368  KX547437    2.28%    passed     99.52%
 369  KX547581    2.28%    passed     99.45%
 370  KX547469    2.28%    passed     99.25%
 371  KX547299    2.28%    passed     99.51%
 372  KX547527    2.28%    passed     99.51%
 373  KX547427    2.28%    passed     99.16%
 374  KX547336    2.28%    passed     99.65%
 375  KX547593    2.28%    passed     99.65%
 376  KX547314    2.28%    passed     99.70%
 377  KX547331    2.28%    passed     99.55%
 378  KX547444    2.28%    passed     99.46%
 379  KX547405    2.28%    passed     99.58%
 380  KX547474    2.28%    passed     99.62%
 381  KX547310    2.28%    passed     99.43%
 382  KX547218    2.28%    passed     99.40%
 383  KX547411    2.28%    passed     99.52%
 384  KX547246    2.28%    passed     99.53%
 385  KX547603    2.28%    passed     99.36%
 386  KX547402    2.28%    passed     99.52%
 387  KX547383    2.28%    passed     99.45%
 388  KX547204    2.28%    passed     99.32%
 389  KX547212    2.28%    passed     99.55%
 390  KX547468    2.28%    passed     99.42%
 391  KX547288    2.28%    passed     99.19%
 392  KX547188    2.28%    passed     99.45%
 393  KX547178    2.28%    passed     99.40%
 394  KX547399    2.28%    passed     99.16%
 395  KX547403    2.28%    passed     99.52%
 396  KX547176    2.28%    passed     99.33%
 397  KX547454    2.28%    passed     99.04%
 398  KX547493    2.28%    passed     99.49%
 399  KX547409    2.28%    passed     99.64%
 400  KX547577    2.28%    passed     99.65%
 401  KX547374    2.28%    passed     99.27%
 402  KX547192    2.28%    passed     99.46%
 403  KX547255    2.28%    passed     99.62%
 404  KX547412    2.28%    passed     99.62%
 405  KX547416    2.28%    passed     99.62%
 406  KX547507    2.28%    passed     99.55%
 407  KX547540    2.28%    passed     99.46%
 408  KX547236    2.28%    passed     99.48%
 409  KX547248    2.28%    passed     99.66%
 410  KX547536    2.28%    passed     99.78%
 411  KX547229    2.28%    passed     99.39%
 412  KX547573    2.28%    passed     99.65%
 413  KX547321    2.28%    passed     97.87%
 414  KX547499    2.28%    passed     98.82%
 415  KX547207    2.28%    passed     99.55%
 416  KX547311    2.28%    passed     99.70%
 417  KX547609    2.28%    passed     99.59%
 418  KX547317    2.28%    passed     99.54%
 419  KX547458    2.28%    passed     99.38%
 420  KX547239    2.28%    passed     99.45%
 421  KX547296    2.28%    passed     99.60%
 422  KX547217    2.28%    passed     99.69%
 423  KX547307    2.28%    passed     99.56%
 424  KX547332    2.28%    passed     99.65%
 425  KX547396    2.28%    passed     99.65%
 426  KX547366    2.28%    passed     99.62%
 427  KX547303    2.28%    passed     99.62%
 428  KX547256    2.28%    passed     99.55%
 429  KX547597    2.28%    passed     99.62%
 430  KX547308    2.28%    passed     99.36%
 431  KX547590    2.28%    passed     99.74%
 432  KX547471    2.28%    passed     99.62%
 433  KX547486    2.28%    passed     99.35%
 434  KX547392    2.28%    passed     99.63%
 435  KX547496    2.28%    passed     99.47%
 436  KX547267    2.28%    passed     99.28%
 437  KX547455    2.28%    passed     97.72%
 438  KX547613    2.28%    passed     99.07%
 439  KX547302    2.28%    passed     98.96%
 440  KX547346    2.28%    passed     99.05%
 441  KX547422    2.28%    passed     99.65%
 442  KX547560    2.28%    passed     99.72%
 443  KX547289    2.28%    passed     99.74%
 444  KX547549    2.28%    passed     99.73%
 445  KX547505    2.28%    passed     99.60%
 446  KX547588    2.28%    passed     99.37%
 447  KX547592    2.28%    passed     99.15%
 448  KX547263    2.28%    passed     99.52%
 449  KX547354    2.28%    passed     99.57%
 450  KX547345    2.28%    passed     99.46%
 451  KX547245    2.28%    passed     98.94%
 452  KX547439    2.28%    passed     99.52%
 453  KX547525    2.28%    passed     99.62%
 454  KX547238    2.28%    passed     99.64%
 455  KX547432    2.28%    passed     99.50%
 456  KX547563    2.28%    passed     99.50%
 457  KX547480    2.28%    passed     99.13%
 458  KX547583    2.28%    passed     98.94%
 459  KX547400    2.28%    passed     99.34%
 460  KX547570    2.28%    passed     99.58%
 461  KX547338    2.28%    passed     99.70%
 462  KX547591    2.28%    passed     99.65%
 463  KX547381    2.28%    passed     99.19%
 464  KX547285    2.28%    passed     99.56%
 465  KX547298    2.28%    passed     99.56%
 466  KX547413    2.28%    passed     99.37%
 467  KX547232    2.28%    passed     99.57%
 468  KX547489    2.28%    passed     99.64%
 469  KX547429    2.28%    passed     99.65%
 470  KX547170    2.28%    passed     99.20%
 471  KX547181    2.29%    passed     99.26%
 472  KX547237    2.28%    passed     99.08%
 473  KX547390    2.28%    passed     99.08%
 474  KX547180    2.28%    passed     99.27%
 475  KX547433    2.28%    passed     99.27%
 476  KX547224    2.28%    passed     99.06%
 477  KX547385    2.28%    passed     99.25%
 478  KX547233    2.28%    passed     99.31%
 479  KX547516    2.28%    passed     99.31%
 480  KX547342    2.28%    passed     99.09%
 481  KX547209    2.28%    passed     99.48%
 482  KX547435    2.28%    passed     99.50%
 483  KX547329    2.28%    passed     99.16%
 484  KX547382    2.28%    passed     99.36%
 485  KX547350    2.28%    passed     99.58%
 486  KX547616    2.28%    passed     99.27%
 487  KX547587    2.28%    passed     99.56%
 488  KX547415    2.28%    passed     99.46%
 489  KX547617    2.28%    passed     98.95%
 490  KX547259    2.28%    passed     99.44%
 491  KX547262    2.28%    passed     99.44%
 492  KX547349    2.28%    passed     99.68%
 493  KX547360    2.28%    passed     99.51%
 494  KX547599    2.28%    passed     99.56%
 495  KX547446    2.28%    passed     99.61%
 496  KX547618    2.28%    passed     99.52%
 497  KX547250    2.28%    passed     99.65%
 498  KX547359    2.28%    passed     99.58%
 499  KX547600    2.28%    passed     99.31%
 500  KX547326    2.28%    passed     99.35%
 501  KX547377    2.28%    passed     99.17%
 502  KX547621    2.28%    passed     99.17%
 503  KX547531    2.28%    passed     99.49%
 504  KX547481    2.28%    passed     99.43%
 505  KX547477    2.28%    passed     99.57%
 506  KX547610    2.28%    passed     99.60%
 507  KX547305    2.28%    passed     99.55%
 508  KX547193    2.28%    passed     99.17%
 509  KX547461    2.28%    passed     98.83%
 510  KX547479    2.28%    passed     99.37%
 511  KX547502    2.28%    passed     99.17%
 512  KX547532    2.28%    passed     98.70%
 513  KX547441    4.14%    passed     99.36%
 514  KX547511    2.28%    passed     99.10%
 515  KX547501    2.28%    passed     98.93%
 516  KX547351    2.28%    passed     99.28%
 517  KX547487    2.28%    passed     98.55%
 518  KX547244    2.28%    passed     99.53%
 519  KX547384    2.28%    passed     99.52%
 520  KX547205    2.28%    passed     99.28%
 521  KX547271    2.28%    passed     99.43%
 522  KX547420    2.28%    passed     99.35%
 523  KX547394    2.28%    passed     99.58%
 524  KX547277    2.28%    passed     99.56%
 525  KX547199    2.28%    passed     98.93%
 526  KX547313    2.28%    passed     99.53%
 527  KX547596    2.28%    passed     99.53%
 528  KX547287    2.28%    passed     99.61%
 529  MH819461    5.97%    passed     99.30%
 530  KX547312    2.28%    passed     99.17%
 531  KX547363    2.28%    passed     99.60%
 532  KX547605    2.28%    passed     99.45%
 533  KX547508    2.28%    passed     99.51%
 534  KX547175    2.28%    passed     99.68%
 535  KX547447    2.28%    passed     99.47%
 536  KX547453    2.28%    passed     99.62%
 537  KX547476    2.28%    passed     99.64%
 538  KX547241    2.28%    passed     99.71%
 539  KX547512    2.28%    passed     99.70%
 540  KX547264    2.28%    passed     99.37%
 541  KX547451    2.28%    passed     99.62%
 542  KX547282    2.29%    passed     99.43%
 543  KX547526    2.28%    passed     99.09%
 544  KX547304    2.28%    passed     99.62%
 545  KX547615    2.28%    passed     99.62%
 546  KX547187    2.28%    passed     99.12%
 547  KX547197    2.28%    passed     99.50%
 548  KX547462    2.28%    passed     99.38%
 549  KX547318    2.28%    passed     99.17%
 550  KX547513    2.28%    passed     99.08%
 551  KX547186    2.28%    passed     99.52%
 552  KX547472    2.28%    passed     99.47%
 553  KX547608    2.28%    passed     99.75%
 554  KX547423    2.28%    passed     98.96%
 555  KX547226    2.28%    passed     99.70%
 556  KX547275    2.28%    passed     99.11%
 557  KX547327    2.28%    passed     99.47%
 558  KX547404    2.28%    passed     99.62%
 559  KX547449    2.28%    passed     99.36%
 560  KX547529    2.28%    passed     99.71%
 561  KX547258    2.28%    passed     98.95%
 562  KX547270    2.28%    passed     99.08%
 563  KX547397    2.28%    passed     99.42%
 564  KX547523    2.28%    passed     99.42%
 565  KX547355    2.28%    passed     99.08%
 566  KX547367    2.28%    passed     99.31%
 567  KX547571    2.28%    passed     99.31%
 568  KX547614    2.28%    passed     99.46%
 569  KX547379    2.28%    passed     99.18%
 570  KX547249    2.28%    passed     99.58%
 571  KX547408    2.28%    passed     99.60%
 572  MH819464    5.97%    passed     99.19%
 573  KX547542    2.28%    passed     99.46%
 574  KX547463    2.28%    passed     99.62%
 575  KX547541    2.28%    passed     99.55%
 576  KX547533    2.28%    passed     99.39%
 577  KX547202    2.28%    passed     99.64%
 578  KX547567    2.28%    passed     99.53%
 579  KX547231    2.28%    passed     99.52%
 580  KX547260    2.28%    passed     99.73%
 581  KY782109    0.48%    passed     98.05%
 582  KY782111    0.48%    passed     97.86%
 583  KY782110    0.48%    passed     97.53%
 584  KX547265    2.28%    passed     99.95%
 585  KX547365    2.28%    passed     99.86%
 586  KX547401    2.28%    passed     99.76%
 587  KX547440    2.28%    passed     99.93%
 588  KX547498    2.28%    passed     99.44%
 589  KC333377    0.49%    passed     97.13%
 590  KC333380    0.46%    passed     98.11%
 591  KC333385    0.52%    passed     98.88%
 592  KR868734    0.09%    passed     99.09%
 593  MF175813    6.60%    passed     97.90%
 594  MF175814    6.60%    passed     97.61%
 595  KX547214    2.28%    passed     99.53%
 596  KX547234    2.28%    passed     99.58%
 597  KX547257    2.28%    passed     99.43%
 598  KX547335    2.28%    passed     99.45%
 599  KX547424    2.28%    passed     99.38%
 600  KX547475    2.28%    passed     99.58%
 601  KY782112    0.48%    passed     98.18%
 602  KX547279    2.28%    passed     99.36%
 603  KX547537    2.28%    passed     99.41%
 604  KX547295    2.28%    passed     98.63%
 605  KX547431    2.28%    passed     99.44%
 606  KX547195    2.28%    passed     99.65%
 607  KX547216    2.28%    passed     99.70%
 608  KX547380    2.28%    passed     99.68%
 609  KX547417    2.28%    passed     99.40%
 610  KX547242    2.28%    passed     99.73%
 611  KX547369    2.28%    passed     99.73%
 612  KX547368    2.28%    passed     99.62%
 613  KX547464    2.28%    passed     99.68%
 614  KX547598    2.28%    passed     99.17%
 615  KX547495    2.28%    passed     99.72%
 616  KX547574    2.28%    passed     99.68%
 617  KX547185    2.28%    passed     99.83%
 618  KX547572    2.28%    passed     99.83%
 619  KX547575    2.28%    passed     99.43%
 620  KY216149    0.21%    passed     99.77%
 621  KY216150    0.21%    passed     99.73%
 622  KY229071    0.22%    passed     99.80%
 623  KY229068    0.22%    passed     99.69%
 624  KX547198    2.28%    passed     98.97%
 625  KX547457   10.99%    passed     84.75%
 626  KX547222    2.28%    passed     98.30%
 627  KX547418    2.28%    passed     99.28%
 628  KX547443    2.28%    passed     99.41%
 629  KX547497    2.28%    passed     98.64%
 630  KX547559    2.28%    passed     98.28%
 631  KX547445    2.28%    passed     99.15%
 632  KX547240    2.28%    passed     99.70%
 633  KX547268    2.28%    passed     99.71%
 634  KX547339    2.28%    passed     99.41%
 635  KX547452    2.28%    passed     99.35%
 636  KX547504    2.28%    passed     99.50%
 637  KX547558    2.28%    passed     99.62%
 638  KX547348    2.28%    passed     99.22%
 639  KX547434    2.28%    passed     99.45%
 640  KX547601    2.28%    passed     98.75%
 641  KX547183    2.28%    passed     99.40%
 642  KX547569    2.28%    passed     99.08%
 643  KX547426    2.28%    passed     99.70%
 644  KX547578    2.28%    passed     99.48%
 645  KX547546    2.28%    passed     98.82%
 646  KX547319    2.28%    passed     99.29%
 647  KX547340    2.28%    passed     99.19%
 648  KY782123    0.48%    passed     98.69%
 649  KX547357    2.28%    passed     99.18%
 650  KX547164    2.28%    passed     98.21%
 651  KX547220    2.28%    passed     99.14%
 652  KX547325    2.28%    passed     99.81%
 653  KX547389    2.28%    passed     99.82%
 654  KY782115    0.48%    passed     98.62%
 655  KY782117    0.48%    passed     98.35%
 656  KX547243    2.28%    passed     99.71%
 657  KX547438    2.28%    passed     99.61%
 658  GQ507472    1.95%    passed     98.07%
 659  MH819448    5.97%    passed     99.39%
 660  MH819451    5.96%    passed     97.13%
 661  MH819458    5.98%    passed     96.21%
 662  MH819457    6.01%    passed     98.12%
 663  MH819468    6.02%    passed     98.59%
 664  MH819455    5.96%    passed     99.37%
 665  MH819471    5.96%    passed     96.61%
 666  MH819469    5.96%    passed     98.22%
 667  KX547191    2.28%    passed     99.76%
 668  KX547208    2.28%    passed     99.79%
 669  KX547219    2.28%    passed     99.76%
 670  KX547362    2.28%    passed     99.76%
 671  KX547370    2.28%    passed     99.71%
 672  KX547530    2.28%    passed     99.80%
 673  KX547292    2.28%    passed     98.67%
 674  KX547223    2.28%    passed     99.55%
 675  KX547470    2.28%    passed     98.48%
 676  KX547341    2.28%    passed     99.29%
 677  KX547168    2.28%    passed     99.04%
 678  KX547172    2.28%    passed     99.40%
 679  KX547543    2.28%    passed     99.54%
 680  KX547442    2.28%    passed     99.18%
 681  KX547290    2.28%    passed     99.70%
 682  KX547535    2.28%    passed     99.70%
 683  KX547500    2.28%    passed     99.83%
 684  KY782114    0.48%    passed     98.37%
 685  KX547211    2.28%    passed     99.50%
 686  KX547488    2.28%    passed     99.74%
 687  KY782116    0.48%    passed     99.22%
 688  KY782120    0.48%    passed     99.20%
 689  KX547521    2.28%    passed     99.07%
 690  KX547553    2.28%    passed     99.62%
 691  GQ379159    0.09%    passed     98.51%
 692  GQ507484    1.96%    passed     94.03%
 693  KR348946    6.16%    passed     98.29%
 694  KR348955    6.16%    passed     98.37%
 695  MH507836    7.20%    passed     98.15%
 696  MH507931    6.13%    passed     98.54%
 697  MH507762    6.13%    passed     97.73%
 698  MH507835    6.13%    passed     98.91%
 699  MH507920    7.86%    passed     98.41%
 700  MH507828    6.13%    passed     99.09%
 701  MH507839    6.13%    passed     99.21%
 702  MH507917    6.13%    passed     99.25%
 703  MH507894    6.13%    passed     99.40%
 704  MH507901    6.38%    passed     99.09%
 705  MH507904    6.13%    passed     99.64%
 706  MH507907    6.79%    passed     99.12%
 707  MH507908    6.13%    passed     99.20%
 708  MH507912    6.13%    passed     99.01%
 709  MH507909    6.13%    passed     99.01%
 710  MH507915    6.13%    passed     99.01%
 711  MH507905    6.13%    passed     99.21%
 712  MH507914    6.13%    passed     99.58%
 713  KR348985    7.65%    passed     99.27%
 714  KR348991    6.16%    passed     98.73%
 715  MH507838    6.60%    passed     99.06%
 716  MH507842    6.85%    passed     98.92%
 717  MH507848    6.13%    passed     99.08%
 718  MH507933    6.13%    passed     99.01%
 719  MH507932    6.13%    passed     98.79%
 720  MH507934    6.13%    passed     98.43%
 721  MH507935    6.13%    passed     98.29%
 722  MH507849    6.13%    passed     99.09%
 723  MH507936    6.13%    passed     98.53%
 724  MH507937    6.13%    passed     98.27%
 725  MH507943    6.13%    passed     97.98%
 726  MH507941    6.53%    passed     98.52%
 727  MH507852    7.07%    passed     99.05%
 728  MH507892    6.86%    passed     98.69%
 729  MH507902    6.13%    passed     99.33%
 730  MH507897    6.13%    passed     98.89%
 731  MH507893    8.04%    passed     99.11%
 732  MH507895    6.85%    passed     98.44%
 733  MH507896    6.13%    passed     99.17%
 734  KR348975    9.87%    passed     99.97%
 735  KR348979    7.65%    passed     99.61%
 736  MH507891    8.04%    passed     99.30%
 737  MH507900    6.13%    passed     99.15%
 738  MH507899    6.13%    passed     98.33%
 739  MH507898    6.13%    passed     99.24%
 740  KR348948    6.16%    passed     99.18%
 741  GQ507470    4.90%    passed     99.12%
 742  KR348928    6.16%    passed     99.50%
 743  KR348934    6.16%    passed     99.20%
 744  KR348932    6.16%    passed     98.61%
 745  KR348933    6.16%    passed     98.59%
 746  JX015516    0.34%    passed     97.77%
 747  GQ507471    1.95%    passed     96.60%
 748  KR348919    6.16%    passed     99.55%
 749  KR348921    6.16%    passed     99.06%
 750  KR348922    6.16%    passed     98.99%
 751  KR349019    7.65%    passed     99.65%
 752  KR349014    6.52%    passed     99.45%
 753  GQ507479    1.95%    passed     97.75%
 754  MH507703    6.98%    passed     98.05%
 755  KR348986    7.04%    passed     99.87%
 756  KR348989    7.65%    passed     99.84%
 757  KR348992    7.65%    passed     99.56%
 758  KR348990    7.65%    passed     99.68%
 759  MH507716    6.13%    passed     99.72%
 760  MH507763    6.64%    passed     99.30%
 761  MH507766    6.13%    passed     99.34%
 762  MH507998    6.13%    passed     99.40%
 763  MH507827    6.13%    passed     99.61%
 764  MH507831    6.29%    passed     99.62%
 765  MH507929    6.13%    passed     99.68%
 766  MH507924    6.13%    passed     99.46%
 767  MH507832    7.45%    passed     98.61%
 768  MH507921    6.13%    passed     99.46%
 769  MH507927    6.13%    passed     99.46%
 770  MH507906    6.13%    passed     99.68%
 771  MH507910    6.13%    passed     99.53%
 772  MH507913    6.13%    passed     99.45%
 773  MH507925    6.13%    passed     99.64%
 774  MH507923    6.20%    passed     99.13%
 775  MH507928    6.13%    passed     99.05%
 776  MH507833    6.13%    passed     99.45%
 777  MH507841    6.13%    passed     99.79%
 778  MH507944    6.13%    passed     99.68%
 779  MH507850    8.52%    passed     97.55%
 780  MH507834    6.13%    passed     99.32%
 781  MH507926   10.87%    passed     98.71%
 782  MH507930    6.13%    passed     99.80%
 783  MH507840    6.34%    passed     99.80%
 784  MH507843    6.13%    passed     99.73%
 785  MH507844    6.13%    passed     99.62%
 786  MH507845    6.13%    passed     99.64%
 787  MH507846    6.13%    passed     99.73%
 788  MH507829    6.13%    passed     99.80%
 789  MH507830    6.13%    passed     99.73%
 790  MH507851    6.47%    passed     99.61%
 791  MH507940    6.13%    passed     99.24%
 792  MH507938    6.75%    passed     99.47%
 793  MH507837    6.18%    passed     99.88%
 794  MH507918    6.13%    passed     99.21%
 795  MH507847    6.13%    passed     99.82%
 796  MH507942    6.13%    passed     99.68%
 797  MH507922    7.10%    passed     99.30%
 798  MH507771    7.51%    passed     99.05%
 799  MH507774    6.13%    passed     98.69%
 800  MH507761    6.13%    passed     99.74%
 801  MH507764    6.13%    passed     99.45%
 802  MH507939    6.13%    passed     99.37%
 803  KR348930    6.16%    passed     98.59%
 804  KR348931    6.16%    passed     98.47%
 805  KR348978    7.65%    passed     99.64%
 806  KR348988    7.65%    passed     99.69%
 807  KR348987    7.65%    passed     99.51%
 808  MH507715    6.13%    passed     98.89%
 809  MH507863    6.13%    passed     99.33%
 810  MH507946    6.13%    passed     99.40%
 811  MH507993    6.13%    passed     99.33%
 812  MH507859    6.13%    passed     99.37%
 813  MH507997    6.13%    passed     99.37%
 814  MH507861    6.13%    passed     98.97%
 815  MH507857    6.13%    passed     99.06%
 816  MH507989    6.13%    passed     98.97%
 817  MH507988    6.13%    passed     99.02%
 818  MH507858    6.13%    passed     98.97%
 819  MH507991    6.13%    passed     98.82%
 820  MH507860    6.13%    passed     98.54%
 821  MH507994    6.13%    passed     99.02%
 822  MH507947    7.31%    passed     98.84%
 823  MH507945    6.19%    passed     99.27%
 824  MH507995    6.95%    passed     98.59%
 825  MH507990    6.13%    passed     99.08%
 826  MH507996    6.13%    passed     98.83%
 827  MH507871    6.13%    passed     98.87%
 828  MH507873    6.13%    passed     98.84%
 829  MH508001    6.13%    passed     98.84%
 830  MH507999    7.23%    passed     98.46%
 831  MH507865    6.13%    passed     99.09%
 832  MH508002    6.13%    passed     99.34%
 833  MH508005    6.13%    passed     99.19%
 834  MH508007    6.13%    passed     98.89%
 835  MH508009    6.13%    passed     98.95%
 836  MH507870    6.65%    passed     98.64%
 837  MH508000    6.13%    passed     99.09%
 838  MH508008    6.13%    passed     99.67%
 839  MH508006    6.13%    passed     99.06%
 840  MH508017    6.13%    passed     98.75%
 841  MH508020    6.13%    passed     98.79%
 842  MH508014    8.54%    passed     97.75%
 843  MH508023    6.13%    passed     98.20%
 844  MH508013    6.13%    passed     98.91%
 845  MH508015    6.13%    passed     99.01%
 846  MH507866    6.13%    passed     99.25%
 847  MH507867    6.15%    passed     98.89%
 848  MH507862    6.13%    passed     98.65%
 849  MH508003    6.13%    passed     98.04%
 850  MH508004    6.13%    passed     98.63%
 851  MH507884    6.13%    passed     99.25%
 852  MH508026   15.73%    passed     99.41%
 853  MH507878    6.54%    passed     98.82%
 854  MH508021    6.13%    passed     98.08%
 855  GQ507469    4.92%    passed     99.33%
 856  GQ507468    4.91%    passed     98.45%
 857  GQ507482    1.95%    passed     96.88%
 858  JF703163    0.09%    passed     97.17%
 859  KR348926    6.16%    passed     99.86%
 860  KR348929    6.16%    passed     99.79%
 861  JX015515    0.78%    passed     99.17%
 862  KF704147    0.28%    passed     94.85%
 863  KR348937    6.16%    passed     99.52%
 864  KR348940    6.16%    passed     99.32%
 865  KR348944    6.16%    passed     99.73%
 866  KR348938    6.49%    passed     98.83%
 867  KR348941    6.16%    passed     98.92%
 868  KR348942    6.16%    passed     99.07%
 869  KX547173    2.28%    passed     99.60%
 870  KX547347    2.28%    passed     99.60%
 871  KX547387    2.28%    passed     99.04%
 872  KX547510    2.28%    passed     98.83%
 873  JX015523    0.38%    passed     97.25%
 874  MH507855   12.21%    passed     97.65%
 875  GQ507480    1.96%    passed     95.17%
 876  MF175866    0.16%    passed     97.77%
 877  MG004533    2.23%    passed     95.45%
 878  MG004540    2.20%    passed     95.33%
 879  KX547528    2.28%    passed     99.47%
 880  KX547539    2.28%    passed     99.47%
 881  KX547568    2.28%    passed     99.02%
 882  KX547611    2.28%    passed     99.09%
 883  KX547361    2.28%    passed     99.38%
 884  KX547273    2.28%    passed     99.74%
 885  KX547352    2.28%    passed     99.66%
 886  KX547375    2.28%    passed     99.74%
 887  KX547419    2.28%    passed     99.73%
 888  KX547595    2.28%    passed     99.73%
 889  KC333379    0.49%    passed     98.27%
 890  KC333386    0.55%    passed     98.73%
 891  KC333382    0.66%    passed     98.99%
 892  KX547278    2.28%    passed     97.29%
 893  KY782119    0.48%    passed     99.71%
 894  KX547594    2.28%    passed     99.74%
 895  MH819462    5.96%    passed     98.65%
 896  MF175857    0.14%    passed     99.38%
 897  MF175867    0.15%    passed     99.30%
 898  MF175818    6.60%    passed     99.34%
 899  MF175828    6.60%    passed     99.17%
 900  MF175825    6.60%    passed     98.67%
 901  MF175827    6.60%    passed     98.63%
 902  MF175823    6.60%    passed     98.69%
 903  KY782108    0.48%    passed     96.28%
 904  KX547436    2.28%    passed     99.65%
 905  KX547580    2.28%    passed     99.86%
 906  MH819454    5.97%    passed     97.73%
 907  KX547552    2.28%    passed     99.17%
 908  KX547585    2.28%    passed     99.00%
 909  KX547284    2.28%    passed     98.49%
 910  KX547562    2.28%    passed     98.76%
 911  KX547607    2.28%    passed     99.72%
 912  JX015517    0.41%    passed     99.57%
 913  JX015518    0.36%    passed     99.60%
 914  JX015520    0.82%    passed     99.76%
 915  KC333383    0.34%    passed     99.20%
 916  KX547297    2.31%    passed     99.53%
 917  KX547494    2.31%    passed     99.66%
 918  KX547517    2.31%    passed     99.61%
 919  KX547518    2.31%    passed     99.54%
 920  KX547309    2.31%    passed     99.49%
 921  KC711057    0.12%    passed     98.67%
 922  KX547371    2.28%    passed     95.52%
 923  KX547606    2.28%    passed     99.26%
 924  KF704153    0.20%    passed     98.73%
 925  KX547544    2.28%    passed     99.23%
 926  KR348993    7.09%    passed     99.89%
 927  KX547215    2.34%    passed     99.26%
 928  KX547545    2.34%    passed     99.64%
 929  KX547561    2.34%    passed     98.70%
 930  KX547328    2.28%    passed     98.87%
 931  KX547276    2.28%    passed     99.51%
 932  KY216154    8.66%    passed     98.67%
 933  KX547300    2.28%    passed     99.39%
 934  KX547388    2.29%    passed     99.28%
 935  KX547225    2.28%    passed     98.90%
 936  KX547294    2.28%    passed     98.27%
 937  KX547522    2.28%    passed     96.05%
 938  GQ379157    0.10%    passed     99.45%
 939  KR348936    6.49%    passed     96.80%
 940  GQ379158    0.10%    passed     99.51%
 941  KR348953    6.16%    passed     99.60%
 942  KR348954    6.16%    passed     99.57%
 943  KR348970    6.16%    passed     99.50%
 944  MH507709    6.13%    passed     99.61%
 945  MH507711    6.13%    passed     99.24%
 946  KR348968    6.16%    passed     99.36%
 947  GQ507473    1.95%    passed     98.38%
 948  GQ507474    1.95%    passed     98.00%
 949  GQ507476    1.95%    passed     98.24%
 950  GQ507478    1.95%    passed     98.04%
 951  GQ507477    2.01%    passed     97.97%
 952  MH507757    6.13%    passed     98.97%
 953  MH507755    6.19%    passed     99.58%
 954  JF703161    0.09%    passed     99.56%
 955  JF703162    0.09%    passed     99.24%
 956  KR348923    6.16%    passed     99.51%
 957  KR348927    6.16%    passed     99.37%
 958  KR348924    6.98%    passed     99.71%
 959  KR348925    6.16%    passed     99.77%
 960  KR348943    6.16%    passed     99.37%
 961  KR348945    6.16%    passed     99.37%
 962  KR349024    7.65%    passed     99.54%
 963  KR348949    6.16%    passed     98.90%
 964  MH507706    6.13%    passed     98.47%
 965  MH507708    6.13%    passed     98.51%
 966  MH507916    8.30%    passed     98.96%
 967  MH507919    6.13%    passed     99.49%
 968  MH507903    6.13%    passed     98.73%
 969  KR348951    6.76%    passed     99.52%
 970  KR349008    6.31%    passed     97.68%
 971  KR349010    6.16%    passed     99.08%
 972  KR349016    6.46%    passed     99.52%
 973  KR349023    8.43%    passed     97.97%
 974  KR348974    8.04%    passed     99.16%
 975  KR348999    7.65%    passed     99.07%
 976  KR349015    7.65%    passed     99.52%
 977  KR349012    7.65%    passed     98.84%
 978  KR349007    7.65%    passed     99.64%
 979  KR349018    7.65%    passed     99.72%
 980  KR348997    6.99%    passed     99.38%
 981  KR348994    7.65%    passed     99.04%
 982  KR348998    7.65%    passed     98.61%
 983  KR349011    6.93%    passed     99.57%
 984  MH507756    6.13%    passed     98.63%
 985  KR348947    6.16%    passed     97.74%
 986  MH507714    6.13%    passed     96.06%
 987  MH507759    6.13%    passed     97.55%
 988  MH507760    6.13%    passed     97.32%
 989  MH507705    6.13%    passed     95.30%
 990  MH507758   19.71%    passed     91.39%
 991  GQ507475    1.95%    passed     98.71%
 992  KR348935    6.16%    passed     97.63%
 993  KR348939    6.16%    passed     96.58%
 994  KR348996    7.96%    passed     99.30%
 995  KR349009    6.49%    passed     98.03%
 996  MH507911    6.13%    passed     98.74%
 997  KR348950    6.16%    passed     99.41%
 998  MH507608    6.13%    passed     99.27%
 999  MH507622    6.13%    passed     99.31%
1000  MH507609    6.13%    passed     99.25%
1001  MH507624    6.13%    passed     99.30%
1002  MH507625    6.13%    passed     99.02%
1003  MH507626    6.13%    passed     99.30%
1004  MH507948    6.13%    passed     99.47%
1005  MH507634    6.13%    passed     99.67%
1006  MH507637    6.13%    passed     99.59%
1007  MH507642    6.13%    passed     99.35%
1008  MH507644    6.13%    passed     99.17%
1009  MH507623    6.78%    passed     99.27%
1010  MH507952    6.13%    passed     99.71%
1011  MH507950    6.13%    passed     99.54%
1012  MH507627    6.13%    passed     98.52%
1013  MH507639    6.13%    passed     98.18%
1014  MH507955    6.13%    passed     98.18%
1015  MH507641    6.13%    passed     98.76%
1016  MH507638    6.13%    passed     98.46%
1017  MH507953    6.13%    passed     98.52%
1018  MH507958    6.13%    passed     98.52%
1019  MH507631    6.13%    passed     98.43%
1020  MH507959    6.54%    passed     97.99%
1021  MH507640    6.13%    passed     97.41%
1022  MH507957    6.13%    passed     97.80%
1023  MH507611    6.13%    passed     98.21%
1024  MH507646    6.13%    passed     98.23%
1025  MH507636    6.13%    passed     98.09%
1026  MH507949    6.13%    passed     99.85%
1027  MH507648    6.13%    passed     99.73%
1028  MH507650    6.13%    passed     99.63%
1029  MH507649    6.13%    passed     99.33%
1030  MH507633    6.13%    passed     98.46%
1031  MH507610    6.13%    passed     99.10%
1032  MH507629    6.13%    passed     99.57%
1033  MH507951    6.13%    passed     99.57%
1034  MH507635    6.13%    passed     99.71%
1035  MH507628    6.13%    passed     99.61%
1036  MH507630    6.13%    passed     99.46%
1037  MH507632    6.14%    passed     98.87%
1038  MH507618    6.13%    passed     98.46%
1039  MH507643    6.13%    passed     98.18%
1040  MH507954    6.13%    passed     98.21%
1041  MH507647    6.13%    passed     97.83%
1042  MH507956    6.13%    passed     97.84%
1043  KR348995    6.88%    passed     97.83%
1044  KR349013    7.65%    passed     99.51%
1045  KR348916    6.16%    passed     97.53%
1046  KR348917    6.49%    passed     97.23%
1047  KR349000    7.65%    passed     98.05%
1048  KR349017    7.65%    passed     97.70%
1049  KR349025    7.65%    passed     97.23%
1050  KR348952    6.16%    passed     97.54%
1051  KR348956    6.16%    passed     96.66%
1052  KR348957    6.16%    passed     96.99%
1053  KR348962    6.16%    passed     97.03%
1054  KR348958    6.16%    passed     97.40%
1055  KR348961    6.16%    passed     95.21%
1056  KR349022    6.92%    passed     97.04%
1057  KR348963    6.16%    passed     95.11%
1058  KR348959    6.49%    passed     95.66%
1059  MH507612    6.13%    passed     97.69%
1060  MH507729    6.13%    passed     95.60%
1061  MH507777    6.14%    passed     96.80%
1062  MH507770    6.81%    passed     97.54%
1063  MH507704    6.85%    passed     98.28%
1064  MH507712    6.13%    passed     99.33%
1065  MH507853    6.36%    passed     99.45%
1066  MH507868    9.65%    passed     99.34%
1067  KR349020    6.16%    passed     98.82%
1068  MH507707    6.13%    passed     97.99%
1069  MH507713    6.13%    passed     97.26%
1070  MH507717    6.13%    passed     96.97%
1071  MH507720    6.25%    passed     94.26%
1072  MH507730    6.13%    passed     96.34%
1073  MH507733    6.13%    passed     96.81%
1074  MH507718    8.22%    passed     90.31%
1075  MH507726    6.13%    passed     92.32%
1076  KR348915    6.16%    passed     98.66%
1077  KR348920    6.16%    passed     98.11%
1078  KR348918    6.16%    passed     96.84%
1079  KR348966    6.16%    passed     98.26%
1080  MH507710    6.13%    passed     98.20%
1081  MH508011    8.02%    passed     99.36%
1082  MH508012    6.13%    passed     97.52%
1083  MH507765    6.13%    passed     98.46%
1084  MH507992    6.13%    passed     98.15%
1085  MH507856    9.52%    passed     96.05%
1086  MH507872    6.13%    passed     97.52%
1087  MH507869    6.13%    passed     97.30%
1088  MH507724   10.03%    passed     97.39%
1089  MH507722    6.13%    passed     98.32%
1090  MH507779    6.13%    passed     99.16%
1091  MH507800    6.46%    passed     96.52%
1092  MH507806    6.13%    passed     96.97%
1093  MH507890    6.13%    passed     96.43%
1094  MH507805    6.53%    passed     96.16%
1095  MH507752    6.13%    passed     96.12%
1096  MH507721    6.13%    passed     97.94%
1097  MH507877    6.96%    passed     98.55%
1098  MH507769    6.13%    passed     98.03%
1099  MH508028   14.65%    passed     89.41%
1100  MH507728    6.13%    passed     96.22%
1101  MH508016    6.13%    passed     97.14%
1102  MH508024    6.13%    passed     97.14%
1103  MH507880    6.13%    passed     96.30%
1104  MH508027    6.70%    passed     96.06%
1105  MH507885    9.63%    passed     86.64%
1106  MH508030   19.40%    passed     92.21%
1107  MH507882    6.13%    passed     97.02%
1108  MH507886    6.51%    passed     94.50%
1109  MH507883    6.55%    passed     98.55%
1110  MH508031   13.71%    passed     98.47%
1111  MH507888    6.95%    passed     97.68%
1112  MH508010    6.13%    passed     96.69%
1113  MH507731    6.13%    passed     97.13%
1114  MH507778    6.13%    passed     93.88%
1115  MH507794    6.13%    passed     92.34%
1116  MH507876    8.57%    passed     97.65%
1117  MH508018    6.13%    passed     97.89%
1118  MH508019    6.13%    passed     97.79%
1119  MH507772    6.13%    passed     95.15%
1120  MH508022   10.51%    passed     96.54%
1121  KR348980    7.65%    passed     96.62%
1122  KR348982    7.65%    passed     98.92%
1123  KR348984    7.65%    passed     97.94%
1124  KR348983    6.53%    passed     96.19%
1125  MH507768    6.13%    passed     98.42%
1126  GQ507483    1.96%    passed     98.69%
1127  MH507620    6.13%    passed     92.28%
1128  MH507686    6.13%    passed     94.11%
1129  MH507689    6.13%    passed     94.45%
1130  MH507691    6.13%    passed     91.22%
1131  MH507684    6.13%    passed     91.53%
1132  MH507696    6.15%    passed     92.03%
1133  MH507743    7.02%    passed     93.02%
1134  MH507751    6.38%    passed     92.92%
1135  MH507826    6.13%    passed     93.00%
1136  MH507811    7.38%    passed     94.78%
1137  MH507685    6.13%    passed     96.55%
1138  MH507736    6.13%    passed     96.81%
1139  MH507742   12.79%    passed     89.91%
1140  MH507803    6.13%    passed     97.58%
1141  MH507809    6.49%    passed     96.00%
1142  MH507810    6.13%    passed     97.48%
1143  MH507773    6.13%    passed     97.83%
1144  MH507797    6.13%    passed     92.73%
1145  MH507804    6.13%    passed     95.44%
1146  MH507814    6.13%    passed     96.57%
1147  MH507817   21.99%    passed     87.75%
1148  MH507821    6.13%    passed     96.88%
1149  MH507822    6.97%    passed     92.35%
1150  MH507825    6.13%    passed     96.43%
1151  MH507798    6.20%    passed     99.42%
1152  MH507808    6.13%    passed     98.71%
1153  KR348964    6.16%    passed     95.62%
1154  MH507645    6.13%    passed     93.10%
1155  KR348969    6.16%    passed     95.34%
1156  KR348972    6.16%    passed     94.65%
1157  KR348973    6.16%    passed     94.65%
1158  MH507749    6.67%    passed     87.53%
1159  KR348960    6.16%    passed     98.90%
1160  KR348967    6.16%    passed     99.32%
1161  KR348971    6.16%    passed     97.80%
1162  MH507725    6.13%    passed     99.01%
1163  MH507776    6.13%    passed     98.46%
1164  MH507653    6.13%    passed     98.48%
1165  MH507789    6.40%    passed     97.62%
1166  MH507783    6.13%    passed     97.87%
1167  MH507788    6.13%    passed     97.86%
1168  MH507745    6.13%    passed     97.24%
1169  MH507723   11.14%    passed     95.57%
1170  MH507740    6.13%    passed     98.96%
1171  MH507737   11.34%    passed     91.00%
1172  MH507738   10.14%    passed     95.67%
1173  MH507790    6.13%    passed     95.92%
1174  MH507801    6.13%    passed     95.62%
1175  MH507775    6.58%    passed     96.52%
1176  MH507700    6.13%    passed     91.43%
1177  MH507666    6.14%    passed     99.27%
1178  MH507964    6.13%    passed     99.01%
1179  MH507693    6.13%    passed     99.33%
1180  MH507985    6.13%    passed     99.01%
1181  MH507674    6.13%    passed     97.67%
1182  MH507682    6.13%    passed     99.14%
1183  MH507688    6.13%    passed     98.55%
1184  MH507796    9.85%    passed     99.61%
1185  MH507963    6.13%    passed     97.84%
1186  KR348965    6.16%    passed     98.70%
1187  MH507767    6.13%    passed     98.52%
1188  MH507727    6.13%    passed     98.14%
1189  MH507719   12.47%    passed     77.93%
1190  MH507795    6.74%    passed     97.06%
1191  MH508025    6.16%    passed     99.85%
1192  MH508029   24.41%    passed     94.79%
1193  KR349001    8.18%    passed     98.27%
1194  KR349002    6.49%    passed     94.61%
1195  KR349005    7.65%    passed     97.50%
1196  KR349021    7.65%    passed     97.50%
1197  KR349006    6.49%    passed     96.09%
1198  KR349004    7.65%    passed     97.88%
1199  KR349026    7.65%    passed     98.35%
1200  KR349003    9.39%    passed     95.42%
1201  MH507613    6.13%    passed     94.06%
1202  MH507614    6.13%    passed     94.45%
1203  MH507652    6.13%    passed     93.53%
1204  MH507651    6.13%    passed     95.04%
1205  MH507654    6.13%    passed     94.94%
1206  MH507665    6.24%    passed     94.06%
1207  MH507680    6.13%    passed     92.26%
1208  MH507786    8.52%    passed     89.23%
1209  MH507747    6.13%    passed     94.47%
1210  MH507687    6.13%    passed     95.94%
1211  MH507734    6.13%    passed     97.74%
1212  MH507781    6.13%    passed     97.62%
1213  MH507782    6.27%    passed     97.84%
1214  MH507735   10.68%    passed     86.93%
1215  MH507791    6.13%    passed     94.64%
1216  MH507792    6.13%    passed     96.94%
1217  MH507784    6.13%    passed     98.05%
1218  MH507787    8.39%    passed     94.91%
1219  MH507741    6.13%    passed     97.04%
1220  MH507889    6.96%    passed     98.00%
1221  MH508037    6.67%    passed     96.99%
1222  MH508035    6.13%    passed     94.09%
1223  MH507813    6.13%    passed     99.27%
1224  MH507815    6.13%    passed     99.17%
1225  MH507820    6.13%    passed     98.36%
1226  MH508038    6.22%    passed     98.65%
1227  MH508032   18.36%    passed     94.92%
1228  MH508036    6.42%    passed     98.84%
1229  MH507750    6.13%    passed     93.31%
1230  MH508033    6.92%    passed     97.36%
1231  MH508034   13.05%    passed     98.30%
1232  MH507812    6.69%    passed     99.10%
1233  MH507802    7.63%    passed     96.49%
1234  MH507739    8.06%    passed     94.03%
1235  MH507793    8.37%    passed     98.76%
1236  GQ507481    1.95%    passed     97.92%
1237  KC333375    0.98%    passed     98.16%
1238  KC333374    0.10%    passed     95.42%
1239  KT862843    0.13%    passed     95.36%
1240  KT862844    0.16%    passed     94.20%
1241  KC333376    0.27%    passed     99.29%
1242  MH819447    5.98%    passed     98.45%
1243  MH819449    5.96%    passed     97.08%
1244  MH819456    5.96%    passed     97.97%
1245  KX547169    2.28%    passed     99.79%
1246  KX547450    2.28%    passed     99.79%
1247  KX547200    2.28%    passed     99.79%
1248  KX547612    2.28%    passed     99.70%
1249  KY229073    0.23%    passed     99.40%
1250  KX547201    2.28%    passed     99.74%
1251  KX547333    2.28%    passed     99.70%
1252  KX547337    2.28%    passed     99.81%
1253  KX547520    2.28%    passed     99.74%
1254  KX547174    2.28%    passed     99.40%
1255  KY216153    0.22%    passed     98.99%
1256  KX547254    2.28%    passed     99.58%
1257  KX547482    2.28%    passed     99.72%
1258  KX547465    2.28%    passed     99.37%
1259  KX547177   16.15%    passed     62.03%
1260  KX547315    2.28%    passed     99.53%
1261  KX547235    2.28%    passed     99.71%
1262  KX547171    2.28%    passed     99.68%
1263  KX547293    2.28%    passed     99.41%
1264  KX547306    2.28%    passed     99.68%
1265  KX547406    2.28%    passed     99.71%
1266  KX547491    2.28%    passed     99.69%
1267  KX547589    2.28%    passed     99.73%
1268  KX547515    2.28%    passed     99.64%
1269  KX547582    2.28%    passed     99.61%
1270  KX547555    2.28%    passed     98.30%
1271  KY782105    0.48%    passed     99.16%
1272  KY229070    0.23%    passed     99.69%
1273  KX547190    2.28%    passed     99.59%
1274  MF175824    6.60%    passed     99.02%
1275  MH819452    6.09%    passed     98.01%
1276  KY229074    0.24%    passed     98.88%
1277  KX547430    2.28%    passed     99.67%
1278  MH819463    5.97%    passed     98.39%
1279  MH819470    5.97%    passed     98.39%
1280  KC333378    0.44%    passed     99.16%
1281  KC333381    0.36%    passed     99.62%
1282  KC711058    0.21%    passed     99.52%
1283  MF175811    6.60%    passed     98.49%
1284  ON994910    2.28%    passed     99.65%
1285  MF175832    0.23%    passed     99.56%
1286  MF175846    0.18%    passed     99.44%
1287  MF175845    0.24%    passed     99.28%
1288  MF175875    0.24%    passed     98.23%
1289  MF175868    0.25%    passed     99.41%
1290  KJ786935    0.10%    passed     98.62%
1291  KY782122    0.48%    passed     99.76%
1292  KC333387    0.17%    passed     99.65%
1293  KY782118    0.48%    passed     99.03%
1294  KY782121    0.48%    passed     99.03%
1295  MF175816    6.60%    passed     99.55%
1296  MF175826    6.60%    passed     99.51%
1297  MF175820    6.60%    passed     99.64%
1298  MF175829    6.60%    passed     99.65%
1299  MF175850    0.70%    passed     96.58%
1300  MF175870    0.16%    passed     99.26%
1301  MF175873    0.16%    passed     99.04%
1302  MF175877    0.16%    passed     99.64%
1303  MF175876    0.26%    passed     99.37%
1304  MF175874    0.17%    passed     99.21%
1305  KY782113    0.48%    passed     96.83%
1306  MH507785    9.72%    passed     97.89%
1307  MG004537    2.23%    passed     94.43%
1308  MH507657    6.13%    passed     97.06%
1309  MH507615    6.13%    passed     96.75%
1310  MH507658    6.34%    passed     96.49%
1311  MH507667    6.13%    passed     97.05%
1312  MH507960    6.13%    passed     96.35%
1313  MH507961    6.13%    passed     96.40%
1314  MH507974    6.58%    passed     96.87%
1315  MH507977    6.13%    passed     97.72%
1316  MH507697    6.15%    passed     96.61%
1317  MH507673    6.13%    passed     96.35%
1318  MH507968    6.13%    passed     96.40%
1319  MH507659    6.14%    passed     96.50%
1320  MH507978    6.13%    passed     97.57%
1321  MH507702    6.13%    passed     96.43%
1322  MH507656    6.17%    passed     95.55%
1323  MH507661    6.13%    passed     95.49%
1324  MH507668    6.23%    passed     95.95%
1325  MH507669    6.13%    passed     96.01%
1326  MH507965    6.13%    passed     95.09%
1327  MH507966    6.13%    passed     95.96%
1328  MH507671    6.13%    passed     95.96%
1329  MH507616    6.13%    passed     95.59%
1330  MH507679    6.13%    passed     95.99%
1331  MH507662    6.13%    passed     96.40%
1332  MH507973    6.13%    passed     97.05%
1333  MH507675    6.13%    passed     95.15%
1334  MH507972    6.13%    passed     97.10%
1335  MH507975    6.21%    passed     96.84%
1336  MH507660    6.13%    passed     96.35%
1337  MH507699    6.15%    passed     96.25%
1338  MH507980    6.13%    passed     94.66%
1339  MH507701    6.13%    passed     96.67%
1340  MH507976    6.13%    passed     96.75%
1341  MH507698    6.13%    passed     96.04%
1342  MH507677    6.13%    passed     96.75%
1343  MH507678    6.13%    passed     95.96%
1344  MH507971    6.13%    passed     95.49%
1345  MH507982    6.13%    passed     94.12%
1346  MH507695    6.13%    passed     95.79%
1347  MH507692    6.13%    passed     94.12%
1348  MH507621    6.13%    passed     96.05%
1349  MH507670    6.13%    passed     93.70%
1350  MH507967    6.13%    passed     94.18%
1351  MH507979    6.13%    passed     96.01%
1352  MH507984    6.13%    passed     96.04%
1353  MH507969    6.13%    passed     98.44%
1354  MH507683    6.13%    passed     93.67%
1355  MH507986    6.13%    passed     96.04%
1356  MH507672    6.13%    passed     98.11%
1357  MH507617    6.13%    passed     95.46%
1358  MH507987    6.13%    passed     94.79%
1359  MH507664    7.78%    passed     90.92%
1360  MH507753    6.57%    passed     94.55%
1361  MH507962    8.16%    passed     94.07%
1362  MH507983   10.15%    passed     94.87%
1363  MH507619    6.13%    passed     99.77%
1364  MH507663    6.13%    passed     99.77%
1365  MH507864   11.06%    passed     97.50%
1366  MH507875   17.47%    passed     91.61%
1367  MH507780    6.18%    passed     98.89%
1368  MH507874   10.45%    passed     98.54%
1369  MH507655    6.13%    passed     97.13%
1370  JX015519    0.19%    passed     99.22%
1371  JX015522    0.57%    passed     99.51%
1372  JX015521    0.36%    passed     98.83%
1373  MH507854    9.93%    passed     99.18%
1374  KC333384    0.44%    passed     99.45%
1375  KY216155    0.29%    passed     99.19%
1376  MF175807    6.60%    passed     94.80%
1377  MF175808    6.60%    passed     97.81%
1378  MF175812    6.60%    passed     96.35%
1379  MF175809    6.60%    passed     95.32%
1380  MF175810    6.60%    passed     95.32%
1381  MF175822    6.60%    passed     93.94%
1382  MF175819    6.60%    passed     95.54%
1383  KX547167    2.28%    passed     99.32%
1384  KX547196    2.28%    passed     99.35%
1385  KX547565    2.28%    passed     98.98%
1386  KX547485    2.28%    passed     99.26%
1387  KY782106    0.48%    passed     99.45%
1388  KX547184    2.30%    passed     99.11%
1389  KX547391    2.28%    passed     99.33%
1390  KX547456    2.30%    passed     99.28%
1391  KX547460    2.28%    passed     99.41%
1392  KX547473    2.28%    passed     98.81%
1393  KX547323    2.28%    passed     98.50%
1394  KX547556    2.28%    passed     98.55%
1395  KX547410    2.28%    passed     99.00%
1396  KX547579    2.28%    passed     99.58%
1397  KX547330    2.28%    passed     99.21%
1398  KX547372    2.28%    passed     99.56%
1399  KX547407    2.28%    passed     99.70%
1400  KX547425    2.28%    passed     99.52%
1401  KX547557    2.28%    passed     99.29%
1402  KX547373    2.28%    passed     99.36%
1403  KX547376    2.28%    passed     99.73%
1404  KX547604    2.28%    passed     98.56%
1405  KX547524    2.28%    passed     98.89%
1406  KX547269    2.28%    passed     98.44%
1407  KX547227    2.28%    passed     99.89%
1408  KX547274    2.28%    passed     98.08%
1409  KX547280    2.28%    passed     99.37%
1410  KX547283    2.28%    passed     99.58%
1411  KX547547    2.28%    passed     99.59%
1412  KX547291    2.28%    passed     99.66%
1413  KX547483    2.28%    passed     99.69%
1414  KX547576    2.28%    passed     99.41%
1415  KX547344    2.28%    passed     99.03%
1416  KX547467    2.28%    passed     98.99%
1417  KX547206    2.28%    passed     98.29%
1418  KX547334    2.28%    passed     99.57%
1419  KX547343    2.28%    passed     99.17%
1420  OK631659    0.18%    passed     99.45%
1421  KY216151    0.35%    passed     99.52%
1422  KY229069    0.24%    passed     99.61%
1423  KC711059    0.09%    passed     99.09%
1424  KX547551    2.28%    passed     97.99%
1425  KX547221    2.28%    passed     98.49%
1426  MH819459    5.96%    passed     94.36%
1427  MH819467    6.00%    passed     92.61%
1428  OK631660    0.20%    passed     99.37%
1429  MH819465    5.97%    passed     94.70%
1430  KX547514    2.28%    passed     96.41%
1431  KY782124    0.48%    passed     99.56%
1432  KX547358    2.28%    passed     99.67%
1433  KX547356    2.28%    passed     99.79%
1434  KY216152    0.35%    passed     99.46%
1435  KY782107    0.48%    passed     99.36%
1436  MF175806    6.61%    passed     98.92%
1437  KY229072    0.23%    passed     99.73%
1438  MH819460    5.97%    passed     93.70%
1439  KX547324    2.28%    passed     98.97%
1440  KF367469    2.52%    passed     99.21%
1441  MH819453    5.96%    passed     95.91%
1442  ON994909    2.86%    passed     99.59%
1443  KY229067   18.77%    passed     91.45%
1444  KX547548    2.28%    passed     96.47%
1445  MF175821    6.60%    passed     94.33%
1446  KT020853    6.16%    passed     97.61%
1447  KX547286    2.30%    passed     99.05%
1448  MH819446    5.97%    passed     81.62%
1449  MH819450    5.98%    passed     86.26%
1450  MF175830    0.18%    passed     99.45%
1451  MF175844    0.51%    passed     97.13%
1452  MF175871    0.18%    passed     99.34%
1453  MF175859    0.18%    passed     99.51%
1454  MF175843    0.19%    passed     99.52%
1455  MF175839    0.18%    passed     99.49%
1456  MF175853    0.21%    passed     99.43%
1457  MF175863    0.19%    passed     99.61%
1458  MH819466    5.98%    passed     92.85%
1459  MF175852    0.14%    passed     96.65%
1460  MF175831    0.17%    passed     99.45%
1461  MF175858    0.17%    passed     99.75%
1462  MF175841    0.16%    passed     99.50%
1463  MF175840    0.38%    passed     98.20%
1464  MF175872    0.19%    passed     99.45%
1465  MF175833    0.21%    passed     99.44%
1466  MF175848    0.17%    passed     99.35%
1467  MF175854    0.26%    passed     99.39%
1468  MF175861    0.20%    passed     97.97%
1469  MF175851    0.16%    passed     99.40%
1470  MF175869    0.16%    passed     99.71%
1471  MF175847    0.20%    passed     99.56%
1472  MF175860    0.16%    passed     99.47%
1473  MF175835    0.17%    passed     99.43%
1474  MF175842    0.19%    passed     98.72%
1475  MF175855    0.16%    passed     99.02%
1476  MF175837    0.94%    passed     89.40%
1477  MF175849    0.26%    passed     95.99%
1478  MF175864    0.21%    passed     98.58%
1479  MF175838    0.22%    passed     99.72%
1480  MF175836    0.19%    passed     99.35%
1481  MF175862    0.25%    passed     98.91%
1482  MF175817    6.61%    passed     93.24%
1483  MF175834    0.20%    passed     98.93%
1484  MF175865    0.19%    passed     99.74%
1485  MF175856    0.99%    passed     89.44%
1486  MG004528    2.22%    passed     98.00%
1487  MG004535    2.23%    passed     97.92%
1488  MG004531    2.23%    passed     97.16%
1489  MG004534    2.22%    passed     97.56%
1490  MG004538    2.21%    passed     98.54%
1491  MG004532    2.18%    passed     98.68%
1492  MG004530    2.22%    passed     98.07%
1493  MG004541    2.26%    passed     97.59%
1494  MG004536    2.21%    passed     96.39%
1495  MH507981    6.13%    passed     87.62%
1496  OL741623    0.13%    passed     99.15%
1497  OK631661    0.31%    passed     98.86%
1498  KJ786936    0.53%    passed     98.84%
1499  MH507676    6.13%    passed     98.34%
1500  MH507681    6.13%    passed     97.29%
1501  MH507970    6.13%    passed     98.01%
1502  MH507694    6.13%    passed     98.19%
1503  MH507690    6.13%    passed     96.07%
1504  MH507746    6.13%    passed     96.10%
1505  MH507748    8.11%    passed     95.14%
1506  MH507823    6.13%    passed     94.78%
1507  MH507754    6.13%    passed     92.25%
1508  MH507744    6.70%    passed     98.46%
1509  MH507824    6.13%    passed     93.25%
1510  MF004388    2.23%    passed     98.72%
1511  KF704158    0.14%    passed     99.51%
1512  MG004529    3.04%    passed     91.65%
1513  MG004539    2.20%    passed     98.43%
1514  MF175815    6.60%    passed     99.38%
1515  GQ379160    0.10%    passed     96.19%
1516  GQ379161    0.12%    passed     97.58%
1517  KR348976    7.65%    passed     99.83%
1518  KR348977    6.91%    passed     99.66%
1519  KR348981    9.60%    passed     99.63%
1520  OR605719    2.30%    passed     95.41%
1521  OR605720    2.30%    passed     94.78%
1522  MH507879   16.61%    passed     99.61%
1523  MH507807    7.64%    passed     95.71%
1524  MH643887    0.18%    passed     99.20%
1525  MT905060    1.33%    passed     97.40%
1526  ON782108    8.78%    passed     96.99%
1527  OP422646    0.19%    passed     99.09%
1528  ON782109    7.12%    passed     96.30%
1529  MH507887   11.48%    passed     71.60%
1530  MH507732    8.77%    passed     96.60%
1531  MH507881   20.78%    passed     85.80%
1532  MH507799    8.89%    passed     97.22%
1533  MH507819   16.69%    passed     65.22%
1534  MH507816   26.48%    passed     93.86%
1535  MH507818   20.28%    passed     78.03%
1536  KC601756    0.83%    passed     89.65%
1537  KT163243    0.09%    passed     90.17%
1538  JX123030    0.54%    passed     71.36%
1539  JX123031    0.54%    passed     69.21%
1540  JX276662    1.05%    passed     75.03%
1541  KJ831223    3.12%    passed     13.19%
****  TOTAL       3.84%  0 sequences failed composition chi2 test (p-value<5%; df=3)
NOTE: MW751843 is identical to MW751834 but kept for subsequent analysis
NOTE: OL840895 is identical to OL840894 but kept for subsequent analysis
NOTE: OL840898 is identical to OL840897 but kept for subsequent analysis
NOTE: OQ053517 is identical to OQ053516 but kept for subsequent analysis
NOTE: OQ053525 is identical to OQ053524 but kept for subsequent analysis
NOTE: DQ786573 is identical to DQ786572 but kept for subsequent analysis
NOTE: KX547412 is identical to KX547255 but kept for subsequent analysis
NOTE: KX547563 is identical to KX547432 but kept for subsequent analysis
NOTE: KX547390 is identical to KX547237 but kept for subsequent analysis
NOTE: KX547433 is identical to KX547180 but kept for subsequent analysis
NOTE: KX547516 is identical to KX547233 but kept for subsequent analysis
NOTE: KX547571 is identical to KX547367 but kept for subsequent analysis
NOTE: KX547572 is identical to KX547185 but kept for subsequent analysis
NOTE: MH507915 is identical to MH507909 but kept for subsequent analysis
NOTE: KX547539 is identical to KX547528 but kept for subsequent analysis
NOTE: KX547595 is identical to KX547419 but kept for subsequent analysis
NOTE: MH507955 is identical to MH507639 but kept for subsequent analysis
NOTE: KR349021 is identical to KR349005 but kept for subsequent analysis
NOTE: MH819470 is identical to MH819463 but kept for subsequent analysis
NOTE: MH507663 is identical to MH507619 but kept for subsequent analysis

Create initial parsimony tree by phylogenetic likelihood library (PLL)... 3.984 seconds

NOTE: 357 MB RAM (0 GB) is required!
Measuring multi-threading efficiency up to 1 CPU cores
2 trees examined
Threads: 1 / Time: 4.918 sec / Speedup: 1.000 / Efficiency: 100% / LogL: -2384399
BEST NUMBER OF THREADS: 1

Estimate model parameters (epsilon = 0.500)
1. Initial log-likelihood: -206922.212
2. Current log-likelihood: -196299.850
3. Current log-likelihood: -189675.091
4. Current log-likelihood: -189646.761
Optimal log-likelihood: -189646.384
Rate parameters:  A-C: 1.20521  A-G: 5.74400  A-T: 1.12409  C-G: 0.37834  C-T: 18.09726  G-T: 1.00000
Base frequencies:  A: 0.273  C: 0.223  G: 0.288  T: 0.216
Parameters optimization took 4 rounds (40.992 sec)
Wrote distance file to... 
Computing ML distances based on estimated model parameters...
Calculating distance matrix: done in 27.3152 secs using 99.64% CPU
Computing ML distances took 27.402797 sec (of wall-clock time) 27.294985 sec (of CPU time)
Setting up auxiliary I and S matrices: done in 0.0601247 secs using 186.7% CPU
Computing RapidNJ tree took 0.216479 sec (of wall-clock time) 0.412596 sec (of CPU time)
Log-likelihood of RapidNJ tree: -192781.060
--------------------------------------------------------------------
|             INITIALIZING CANDIDATE TREE SET                      |
--------------------------------------------------------------------

Do NNI search on 2 best initial trees
Estimate model parameters (epsilon = 0.500)
BETTER TREE FOUND at iteration 1: -189384.219
Finish initializing candidate tree set (4)
Current best tree score: -189384.219 / CPU time: 44.496
Number of iterations: 2
TREE SEARCH COMPLETED AFTER 2 ITERATIONS / Time: 0h:2m:14s

--------------------------------------------------------------------
|                    FINALIZING TREE SEARCH                        |
--------------------------------------------------------------------
Performs final model parameters optimization
Estimate model parameters (epsilon = 0.050)
1. Initial log-likelihood: -189384.219
Optimal log-likelihood: -189384.216
Rate parameters:  A-C: 1.20311  A-G: 5.74307  A-T: 1.12166  C-G: 0.37931  C-T: 18.09825  G-T: 1.00000
Base frequencies:  A: 0.273  C: 0.223  G: 0.288  T: 0.216
Parameters optimization took 1 rounds (2.639 sec)
BEST SCORE FOUND : -189384.216
Total tree length: 2.442

Total number of iterations: 2
CPU time used for tree search: 44.063 sec (0h:0m:44s)
Wall-clock time used for tree search: 44.502 sec (0h:0m:44s)
Total CPU time used: 135.752 sec (0h:2m:15s)
Total wall-clock time used: 136.837 sec (0h:2m:16s)

Analysis results written to: 
  IQ-TREE report:                results/aligned-delim.fasta.iqtree
  Maximum-likelihood tree:       results/aligned-delim.fasta.treefile
  Likelihood distances:          results/aligned-delim.fasta.mldist
  Screen log file:               results/aligned-delim.fasta.log

Date and Time: Thu Aug  1 02:21:26 2024
